{
  "stats": {
    "suites": 1,
    "tests": 1,
    "passes": 0,
    "pending": 0,
    "failures": 1,
    "start": "2025-03-25T07:22:40.115Z",
    "end": "2025-03-25T07:23:44.085Z",
    "duration": 63970,
    "testsRegistered": 1,
    "passPercent": 0,
    "pendingPercent": 0,
    "other": 0,
    "hasOther": false,
    "skipped": 0,
    "hasSkipped": false
  },
  "results": [
    {
      "uuid": "66b48bdb-e7e5-44f7-8ecd-6847a58529dd",
      "title": "",
      "fullFile": "cypress\\e2e\\emailAutomation.spec.cy.js",
      "file": "cypress\\e2e\\emailAutomation.spec.cy.js",
      "beforeHooks": [],
      "afterHooks": [],
      "tests": [],
      "suites": [
        {
          "uuid": "a0c267e4-3a95-4af1-8a16-28a2a068aa84",
          "title": "Automated Interaction with Website Button",
          "fullFile": "",
          "file": "",
          "beforeHooks": [],
          "afterHooks": [],
          "tests": [
            {
              "title": "should go to the website, click on the email button, and open the mail client",
              "fullTitle": "Automated Interaction with Website Button should go to the website, click on the email button, and open the mail client",
              "timedOut": null,
              "duration": 62105,
              "state": "failed",
              "speed": null,
              "pass": false,
              "fail": true,
              "pending": false,
              "context": null,
              "code": "// Step 1: Visit the live website\ncy.visit('https://jerinsamj.github.io/Resume/');\n// Step 2: Verify the \"mailto\" link is correct\ncy.get('footer .contact a').eq(1).should('have.attr', 'href', 'mailto:jerinsamjames1998@gmail.com'); // Check if the email link is correct\n// Step 3: Click the \"mailto\" link (this will trigger the mail client, though Cypress can't verify it directly)\ncy.get('footer .contact a').eq(1).click();",
              "err": {
                "message": "CypressError: Timed out after waiting `60000ms` for your remote page to load.\n\nYour page did not fire its `load` event within `60000ms`.\n\nYou can try increasing the `pageLoadTimeout` value in `cypress.config.js` to wait longer.\n\nBrowsers will not fire the `load` event until all stylesheets and scripts are done downloading.\n\nWhen this `load` event occurs, Cypress will continue running commands.",
                "estack": "CypressError: Timed out after waiting `60000ms` for your remote page to load.\n\nYour page did not fire its `load` event within `60000ms`.\n\nYou can try increasing the `pageLoadTimeout` value in `cypress.config.js` to wait longer.\n\nBrowsers will not fire the `load` event until all stylesheets and scripts are done downloading.\n\nWhen this `load` event occurs, Cypress will continue running commands.\n    at timedOutWaitingForPageLoad (https://jerinsamj.github.io/__cypress/runner/cypress_runner.js:131390:64)\n    at <unknown> (https://jerinsamj.github.io/__cypress/runner/cypress_runner.js:131706:16)\n    at tryCatcher (https://jerinsamj.github.io/__cypress/runner/cypress_runner.js:1777:23)\n    at <unknown> (https://jerinsamj.github.io/__cypress/runner/cypress_runner.js:4156:41)\n    at tryCatcher (https://jerinsamj.github.io/__cypress/runner/cypress_runner.js:1777:23)\n    at Promise._settlePromiseFromHandler (https://jerinsamj.github.io/__cypress/runner/cypress_runner.js:1489:31)\n    at Promise._settlePromise (https://jerinsamj.github.io/__cypress/runner/cypress_runner.js:1546:18)\n    at Promise._settlePromise0 (https://jerinsamj.github.io/__cypress/runner/cypress_runner.js:1591:10)\n    at Promise._settlePromises (https://jerinsamj.github.io/__cypress/runner/cypress_runner.js:1667:18)\n    at _drainQueueStep (https://jerinsamj.github.io/__cypress/runner/cypress_runner.js:2377:12)\n    at _drainQueue (https://jerinsamj.github.io/__cypress/runner/cypress_runner.js:2370:9)\n    at Async._drainQueues (https://jerinsamj.github.io/__cypress/runner/cypress_runner.js:2386:5)\n    at Async.drainQueues (https://jerinsamj.github.io/__cypress/runner/cypress_runner.js:2256:14)",
                "diff": null
              },
              "uuid": "1e689c9d-9a60-44b7-82e4-6c903d432e6f",
              "parentUUID": "a0c267e4-3a95-4af1-8a16-28a2a068aa84",
              "isHook": false,
              "skipped": false
            }
          ],
          "suites": [],
          "passes": [],
          "failures": [
            "1e689c9d-9a60-44b7-82e4-6c903d432e6f"
          ],
          "pending": [],
          "skipped": [],
          "duration": 62105,
          "root": false,
          "rootEmpty": false,
          "_timeout": 2000
        }
      ],
      "passes": [],
      "failures": [],
      "pending": [],
      "skipped": [],
      "duration": 0,
      "root": true,
      "rootEmpty": true,
      "_timeout": 2000
    }
  ],
  "meta": {
    "mocha": {
      "version": "7.0.1"
    },
    "mochawesome": {
      "options": {
        "quiet": false,
        "reportFilename": "mochawesome",
        "saveHtml": true,
        "saveJson": true,
        "consoleReporter": "spec",
        "useInlineDiffs": false,
        "code": true
      },
      "version": "7.1.3"
    },
    "marge": {
      "options": {
        "reportDir": "cypress/results",
        "overwrite": false,
        "html": true,
        "json": true
      },
      "version": "6.2.0"
    }
  }
}