{
  "stats": {
    "suites": 1,
    "tests": 12,
    "passes": 1,
    "pending": 0,
    "failures": 11,
    "start": "2025-03-25T09:30:16.369Z",
    "end": "2025-03-25T09:31:05.749Z",
    "duration": 49380,
    "testsRegistered": 12,
    "passPercent": 8.333333333333332,
    "pendingPercent": 0,
    "other": 0,
    "hasOther": false,
    "skipped": 0,
    "hasSkipped": false
  },
  "results": [
    {
      "uuid": "1129c1fd-22b2-474c-a97d-ca48487f4c0e",
      "title": "",
      "fullFile": "cypress\\e2e\\emailAutomation.spec.cy.js",
      "file": "cypress\\e2e\\emailAutomation.spec.cy.js",
      "beforeHooks": [],
      "afterHooks": [],
      "tests": [],
      "suites": [
        {
          "uuid": "c3ccecdf-f6f8-4cd6-8cdf-d1eb938ff070",
          "title": "Automated Interaction with Website Button",
          "fullFile": "",
          "file": "",
          "beforeHooks": [],
          "afterHooks": [],
          "tests": [
            {
              "title": "should go to the website, click on the email button, and open the mail client",
              "fullTitle": "Automated Interaction with Website Button should go to the website, click on the email button, and open the mail client",
              "timedOut": null,
              "duration": 1527,
              "state": "passed",
              "speed": "fast",
              "pass": true,
              "fail": false,
              "pending": false,
              "context": null,
              "code": "// Step 1: Visit the live website\ncy.visit('https://jerinsamj.github.io/Resume/');",
              "err": {},
              "uuid": "af83e673-2fcc-4e69-a6d6-c2a4c7927169",
              "parentUUID": "c3ccecdf-f6f8-4cd6-8cdf-d1eb938ff070",
              "isHook": false,
              "skipped": false
            },
            {
              "title": "should display the correct greeting message based on the time of day",
              "fullTitle": "Automated Interaction with Website Button should display the correct greeting message based on the time of day",
              "timedOut": null,
              "duration": 4213,
              "state": "failed",
              "speed": null,
              "pass": false,
              "fail": true,
              "pending": false,
              "context": null,
              "code": "const greeting = cy.get('#greeting');\nconst currentTime = new Date().getHours();\nif (currentTime < 12) {\n  greeting.should('have.text', \"Good Morning, I'm Jerin!\");\n} else if (currentTime < 18) {\n  greeting.should('have.text', \"Good Afternoon, I'm Jerin!\");\n} else {\n  greeting.should('have.text', \"Good Evening, I'm Jerin!\");\n}",
              "err": {
                "message": "AssertionError: Timed out retrying after 4000ms: Expected to find element: `#greeting`, but never found it.",
                "estack": "AssertionError: Timed out retrying after 4000ms: Expected to find element: `#greeting`, but never found it.\n    at Context.eval (webpack://resumecypress/./cypress/e2e/emailAutomation.spec.cy.js:13:15)",
                "diff": null
              },
              "uuid": "9e7160b9-4f07-468d-bc6a-78d7f741a4b3",
              "parentUUID": "c3ccecdf-f6f8-4cd6-8cdf-d1eb938ff070",
              "isHook": false,
              "skipped": false
            },
            {
              "title": "should download the resume when the download button is clicked",
              "fullTitle": "Automated Interaction with Website Button should download the resume when the download button is clicked",
              "timedOut": null,
              "duration": 4124,
              "state": "failed",
              "speed": null,
              "pass": false,
              "fail": true,
              "pending": false,
              "context": null,
              "code": "cy.get('.download-btn').should('have.attr', 'href', 'https://drive.google.com/file/d/1z5XAdHEFHMaG9qu38kSh8Ul61Jg3Or4r/view?usp=sharing');",
              "err": {
                "message": "AssertionError: Timed out retrying after 4000ms: Expected to find element: `.download-btn`, but never found it.",
                "estack": "AssertionError: Timed out retrying after 4000ms: Expected to find element: `.download-btn`, but never found it.\n    at Context.eval (webpack://resumecypress/./cypress/e2e/emailAutomation.spec.cy.js:24:7)",
                "diff": null
              },
              "uuid": "84d72fc8-bad6-4e6b-8a54-8bf02f870904",
              "parentUUID": "c3ccecdf-f6f8-4cd6-8cdf-d1eb938ff070",
              "isHook": false,
              "skipped": false
            },
            {
              "title": "should open the email client when clicking on the email link",
              "fullTitle": "Automated Interaction with Website Button should open the email client when clicking on the email link",
              "timedOut": null,
              "duration": 4127,
              "state": "failed",
              "speed": null,
              "pass": false,
              "fail": true,
              "pending": false,
              "context": null,
              "code": "cy.get('footer .contact a').eq(1).should('have.attr', 'href', 'mailto:jerinsamjames1998@gmail.com');",
              "err": {
                "message": "AssertionError: Timed out retrying after 4000ms: Expected to find element: `footer .contact a`, but never found it.",
                "estack": "AssertionError: Timed out retrying after 4000ms: Expected to find element: `footer .contact a`, but never found it.\n    at Context.eval (webpack://resumecypress/./cypress/e2e/emailAutomation.spec.cy.js:30:7)",
                "diff": null
              },
              "uuid": "b7bba44d-5081-48b1-b2b7-8399ce5ccfe6",
              "parentUUID": "c3ccecdf-f6f8-4cd6-8cdf-d1eb938ff070",
              "isHook": false,
              "skipped": false
            },
            {
              "title": "should toggle dark mode when the dark mode button is clicked",
              "fullTitle": "Automated Interaction with Website Button should toggle dark mode when the dark mode button is clicked",
              "timedOut": null,
              "duration": 4138,
              "state": "failed",
              "speed": null,
              "pass": false,
              "fail": true,
              "pending": false,
              "context": null,
              "code": "cy.get('.toggle-btn').click();\ncy.get('body').should('have.class', 'dark-mode');\n// Toggle back to light mode\ncy.get('.toggle-btn').click();\ncy.get('body').should('not.have.class', 'dark-mode');",
              "err": {
                "message": "AssertionError: Timed out retrying after 4000ms: Expected to find element: `.toggle-btn`, but never found it.",
                "estack": "AssertionError: Timed out retrying after 4000ms: Expected to find element: `.toggle-btn`, but never found it.\n    at Context.eval (webpack://resumecypress/./cypress/e2e/emailAutomation.spec.cy.js:40:7)",
                "diff": null
              },
              "uuid": "28bede2f-d154-4a80-8d96-2e077dc793f8",
              "parentUUID": "c3ccecdf-f6f8-4cd6-8cdf-d1eb938ff070",
              "isHook": false,
              "skipped": false
            },
            {
              "title": "should expand and collapse project details when clicked",
              "fullTitle": "Automated Interaction with Website Button should expand and collapse project details when clicked",
              "timedOut": null,
              "duration": 4119,
              "state": "failed",
              "speed": null,
              "pass": false,
              "fail": true,
              "pending": false,
              "context": null,
              "code": "cy.get('.card').eq(0).find('.expand-btn').click();\ncy.get('.card').eq(0).find('.card-details').should('be.visible');\ncy.get('.card').eq(0).find('.expand-btn').click();\ncy.get('.card').eq(0).find('.card-details').should('not.be.visible');",
              "err": {
                "message": "AssertionError: Timed out retrying after 4000ms: Expected to find element: `.card`, but never found it.",
                "estack": "AssertionError: Timed out retrying after 4000ms: Expected to find element: `.card`, but never found it.\n    at Context.eval (webpack://resumecypress/./cypress/e2e/emailAutomation.spec.cy.js:50:7)",
                "diff": null
              },
              "uuid": "a399bd0c-a4a3-46c3-a900-0ef605ae76f1",
              "parentUUID": "c3ccecdf-f6f8-4cd6-8cdf-d1eb938ff070",
              "isHook": false,
              "skipped": false
            },
            {
              "title": "should show tech icons in Career Projects section",
              "fullTitle": "Automated Interaction with Website Button should show tech icons in Career Projects section",
              "timedOut": null,
              "duration": 4216,
              "state": "failed",
              "speed": null,
              "pass": false,
              "fail": true,
              "pending": false,
              "context": null,
              "code": "cy.get('.tech-icons').should('be.visible');\ncy.get('.tech-icons i').should('have.length.greaterThan', 0);",
              "err": {
                "message": "AssertionError: Timed out retrying after 4000ms: Expected to find element: `.tech-icons`, but never found it.",
                "estack": "AssertionError: Timed out retrying after 4000ms: Expected to find element: `.tech-icons`, but never found it.\n    at Context.eval (webpack://resumecypress/./cypress/e2e/emailAutomation.spec.cy.js:59:26)",
                "diff": null
              },
              "uuid": "1180a679-bd25-455a-9a0e-fd39b0aa0872",
              "parentUUID": "c3ccecdf-f6f8-4cd6-8cdf-d1eb938ff070",
              "isHook": false,
              "skipped": false
            },
            {
              "title": "should display skills cards",
              "fullTitle": "Automated Interaction with Website Button should display skills cards",
              "timedOut": null,
              "duration": 4100,
              "state": "failed",
              "speed": null,
              "pass": false,
              "fail": true,
              "pending": false,
              "context": null,
              "code": "cy.get('.section-title').contains('Skills').should('be.visible');\ncy.get('.cards').eq(2).find('.card').should('have.length.greaterThan', 0);",
              "err": {
                "message": "AssertionError: Timed out retrying after 4000ms: Expected to find element: `.section-title`, but never found it.",
                "estack": "AssertionError: Timed out retrying after 4000ms: Expected to find element: `.section-title`, but never found it.\n    at Context.eval (webpack://resumecypress/./cypress/e2e/emailAutomation.spec.cy.js:65:7)",
                "diff": null
              },
              "uuid": "086447f7-6922-4751-acfd-7229656635bf",
              "parentUUID": "c3ccecdf-f6f8-4cd6-8cdf-d1eb938ff070",
              "isHook": false,
              "skipped": false
            },
            {
              "title": "should display work experience cards correctly",
              "fullTitle": "Automated Interaction with Website Button should display work experience cards correctly",
              "timedOut": null,
              "duration": 4120,
              "state": "failed",
              "speed": null,
              "pass": false,
              "fail": true,
              "pending": false,
              "context": null,
              "code": "cy.get('.section-title').contains('Work Experience').should('be.visible');\ncy.get('.cards').eq(3).find('.card').should('have.length.greaterThan', 0);",
              "err": {
                "message": "AssertionError: Timed out retrying after 4000ms: Expected to find element: `.section-title`, but never found it.",
                "estack": "AssertionError: Timed out retrying after 4000ms: Expected to find element: `.section-title`, but never found it.\n    at Context.eval (webpack://resumecypress/./cypress/e2e/emailAutomation.spec.cy.js:71:7)",
                "diff": null
              },
              "uuid": "ff26c6d6-3feb-4e43-9562-afa9c98cefd2",
              "parentUUID": "c3ccecdf-f6f8-4cd6-8cdf-d1eb938ff070",
              "isHook": false,
              "skipped": false
            },
            {
              "title": "should display Education section with correct content",
              "fullTitle": "Automated Interaction with Website Button should display Education section with correct content",
              "timedOut": null,
              "duration": 4136,
              "state": "failed",
              "speed": null,
              "pass": false,
              "fail": true,
              "pending": false,
              "context": null,
              "code": "cy.get('.section-title').contains('Education').should('be.visible');\ncy.get('.cards').eq(4).find('.card').should('have.length', 1);",
              "err": {
                "message": "AssertionError: Timed out retrying after 4000ms: Expected to find element: `.section-title`, but never found it.",
                "estack": "AssertionError: Timed out retrying after 4000ms: Expected to find element: `.section-title`, but never found it.\n    at Context.eval (webpack://resumecypress/./cypress/e2e/emailAutomation.spec.cy.js:77:7)",
                "diff": null
              },
              "uuid": "e025a66e-42c8-4456-a912-8780d705efb2",
              "parentUUID": "c3ccecdf-f6f8-4cd6-8cdf-d1eb938ff070",
              "isHook": false,
              "skipped": false
            },
            {
              "title": "should open GitHub link when the GitHub icon is clicked",
              "fullTitle": "Automated Interaction with Website Button should open GitHub link when the GitHub icon is clicked",
              "timedOut": null,
              "duration": 4153,
              "state": "failed",
              "speed": null,
              "pass": false,
              "fail": true,
              "pending": false,
              "context": null,
              "code": "cy.get('footer .contact a').eq(0).should('have.attr', 'href', 'https://github.com/Jerinsamj/Projects').click();",
              "err": {
                "message": "AssertionError: Timed out retrying after 4000ms: Expected to find element: `footer .contact a`, but never found it.",
                "estack": "AssertionError: Timed out retrying after 4000ms: Expected to find element: `footer .contact a`, but never found it.\n    at Context.eval (webpack://resumecypress/./cypress/e2e/emailAutomation.spec.cy.js:83:7)",
                "diff": null
              },
              "uuid": "306ac601-f1da-469d-b9ce-3312d54323e3",
              "parentUUID": "c3ccecdf-f6f8-4cd6-8cdf-d1eb938ff070",
              "isHook": false,
              "skipped": false
            },
            {
              "title": "should load the page successfully",
              "fullTitle": "Automated Interaction with Website Button should load the page successfully",
              "timedOut": null,
              "duration": 4132,
              "state": "failed",
              "speed": null,
              "pass": false,
              "fail": true,
              "pending": false,
              "context": null,
              "code": "cy.url().should('eq', 'https://jerinsamj.github.io/Resume/');\ncy.title().should('eq', 'Jerin Sam James | Portfolio');",
              "err": {
                "message": "AssertionError: Timed out retrying after 4000ms: expected 'about:blank' to equal 'https://jerinsamj.github.io/Resume/'",
                "estack": "AssertionError: Timed out retrying after 4000ms: expected 'about:blank' to equal 'https://jerinsamj.github.io/Resume/'\n    at Context.eval (webpack://resumecypress/./cypress/e2e/emailAutomation.spec.cy.js:92:13)",
                "diff": "- 'about:blank'\n+ 'https://jerinsamj.github.io/Resume/'\n"
              },
              "uuid": "9bf55eff-6d33-4496-85e6-456d054fcd78",
              "parentUUID": "c3ccecdf-f6f8-4cd6-8cdf-d1eb938ff070",
              "isHook": false,
              "skipped": false
            }
          ],
          "suites": [],
          "passes": [
            "af83e673-2fcc-4e69-a6d6-c2a4c7927169"
          ],
          "failures": [
            "9e7160b9-4f07-468d-bc6a-78d7f741a4b3",
            "84d72fc8-bad6-4e6b-8a54-8bf02f870904",
            "b7bba44d-5081-48b1-b2b7-8399ce5ccfe6",
            "28bede2f-d154-4a80-8d96-2e077dc793f8",
            "a399bd0c-a4a3-46c3-a900-0ef605ae76f1",
            "1180a679-bd25-455a-9a0e-fd39b0aa0872",
            "086447f7-6922-4751-acfd-7229656635bf",
            "ff26c6d6-3feb-4e43-9562-afa9c98cefd2",
            "e025a66e-42c8-4456-a912-8780d705efb2",
            "306ac601-f1da-469d-b9ce-3312d54323e3",
            "9bf55eff-6d33-4496-85e6-456d054fcd78"
          ],
          "pending": [],
          "skipped": [],
          "duration": 47105,
          "root": false,
          "rootEmpty": false,
          "_timeout": 2000
        }
      ],
      "passes": [],
      "failures": [],
      "pending": [],
      "skipped": [],
      "duration": 0,
      "root": true,
      "rootEmpty": true,
      "_timeout": 2000
    }
  ],
  "meta": {
    "mocha": {
      "version": "7.0.1"
    },
    "mochawesome": {
      "options": {
        "quiet": false,
        "reportFilename": "mochawesome",
        "saveHtml": true,
        "saveJson": true,
        "consoleReporter": "spec",
        "useInlineDiffs": false,
        "code": true
      },
      "version": "7.1.3"
    },
    "marge": {
      "options": {
        "reportDir": "cypress/results",
        "overwrite": true,
        "html": true,
        "json": true
      },
      "version": "6.2.0"
    }
  }
}