{
  "stats": {
    "suites": 1,
    "tests": 11,
    "passes": 11,
    "pending": 0,
    "failures": 0,
    "start": "2025-03-25T09:02:31.836Z",
    "end": "2025-03-25T09:02:37.356Z",
    "duration": 5520,
    "testsRegistered": 11,
    "passPercent": 100,
    "pendingPercent": 0,
    "other": 0,
    "hasOther": false,
    "skipped": 0,
    "hasSkipped": false
  },
  "results": [
    {
      "uuid": "4885fbd0-0176-43c4-b187-7c562d4e9b1e",
      "title": "",
      "fullFile": "cypress\\e2e\\emailAutomation.spec.cy.js",
      "file": "cypress\\e2e\\emailAutomation.spec.cy.js",
      "beforeHooks": [],
      "afterHooks": [],
      "tests": [],
      "suites": [
        {
          "uuid": "70360379-880c-4324-b34d-a276f5cdb3a5",
          "title": "Portfolio Website Testing",
          "fullFile": "",
          "file": "",
          "beforeHooks": [],
          "afterHooks": [],
          "tests": [
            {
              "title": "should display the correct greeting message based on the time of day",
              "fullTitle": "Portfolio Website Testing should display the correct greeting message based on the time of day",
              "timedOut": null,
              "duration": 1462,
              "state": "passed",
              "speed": "fast",
              "pass": true,
              "fail": false,
              "pending": false,
              "context": null,
              "code": "const greeting = cy.get('#greeting');\nconst currentTime = new Date().getHours();\nif (currentTime < 12) {\n  greeting.should('have.text', \"Good Morning, I'm Jerin!\");\n} else if (currentTime < 18) {\n  greeting.should('have.text', \"Good Afternoon, I'm Jerin!\");\n} else {\n  greeting.should('have.text', \"Good Evening, I'm Jerin!\");\n}",
              "err": {},
              "uuid": "f8286e2f-9a7b-4de4-8297-7157498f6f31",
              "parentUUID": "70360379-880c-4324-b34d-a276f5cdb3a5",
              "isHook": false,
              "skipped": false
            },
            {
              "title": "should download the resume when the download button is clicked",
              "fullTitle": "Portfolio Website Testing should download the resume when the download button is clicked",
              "timedOut": null,
              "duration": 155,
              "state": "passed",
              "speed": "fast",
              "pass": true,
              "fail": false,
              "pending": false,
              "context": null,
              "code": "cy.get('.download-btn').should('have.attr', 'href', 'https://drive.google.com/file/d/1z5XAdHEFHMaG9qu38kSh8Ul61Jg3Or4r/view?usp=sharing');",
              "err": {},
              "uuid": "e44d5d55-7099-4b2d-ab6d-6abde43351c7",
              "parentUUID": "70360379-880c-4324-b34d-a276f5cdb3a5",
              "isHook": false,
              "skipped": false
            },
            {
              "title": "should open the email client when clicking on the email link",
              "fullTitle": "Portfolio Website Testing should open the email client when clicking on the email link",
              "timedOut": null,
              "duration": 135,
              "state": "passed",
              "speed": "fast",
              "pass": true,
              "fail": false,
              "pending": false,
              "context": null,
              "code": "cy.get('footer .contact a').eq(1).should('have.attr', 'href', 'mailto:jerinsamjames1998@gmail.com');",
              "err": {},
              "uuid": "61c93336-f64e-4d2c-812b-25f6c13fe99b",
              "parentUUID": "70360379-880c-4324-b34d-a276f5cdb3a5",
              "isHook": false,
              "skipped": false
            },
            {
              "title": "should toggle dark mode when the dark mode button is clicked",
              "fullTitle": "Portfolio Website Testing should toggle dark mode when the dark mode button is clicked",
              "timedOut": null,
              "duration": 346,
              "state": "passed",
              "speed": "fast",
              "pass": true,
              "fail": false,
              "pending": false,
              "context": null,
              "code": "cy.get('.toggle-btn').click();\ncy.get('body').should('have.class', 'dark-mode');\n// Toggle back to light mode\ncy.get('.toggle-btn').click();\ncy.get('body').should('not.have.class', 'dark-mode');",
              "err": {},
              "uuid": "2a2493f9-298b-4d27-b4b7-c52dcd96f0e9",
              "parentUUID": "70360379-880c-4324-b34d-a276f5cdb3a5",
              "isHook": false,
              "skipped": false
            },
            {
              "title": "should expand and collapse project details when clicked",
              "fullTitle": "Portfolio Website Testing should expand and collapse project details when clicked",
              "timedOut": null,
              "duration": 365,
              "state": "passed",
              "speed": "fast",
              "pass": true,
              "fail": false,
              "pending": false,
              "context": null,
              "code": "cy.get('.card').eq(0).find('.expand-btn').click();\ncy.get('.card').eq(0).find('.card-details').should('be.visible');\ncy.get('.card').eq(0).find('.expand-btn').click();\ncy.get('.card').eq(0).find('.card-details').should('not.be.visible');",
              "err": {},
              "uuid": "c8571f36-d18b-4139-ad0c-99d1e6911672",
              "parentUUID": "70360379-880c-4324-b34d-a276f5cdb3a5",
              "isHook": false,
              "skipped": false
            },
            {
              "title": "should show tech icons in Career Projects section",
              "fullTitle": "Portfolio Website Testing should show tech icons in Career Projects section",
              "timedOut": null,
              "duration": 478,
              "state": "passed",
              "speed": "fast",
              "pass": true,
              "fail": false,
              "pending": false,
              "context": null,
              "code": "cy.get('.tech-icons').should('be.visible');\ncy.get('.tech-icons i').should('have.length.greaterThan', 0);",
              "err": {},
              "uuid": "dee47ebf-d12f-4f07-80d8-599510884eb7",
              "parentUUID": "70360379-880c-4324-b34d-a276f5cdb3a5",
              "isHook": false,
              "skipped": false
            },
            {
              "title": "should display skills cards",
              "fullTitle": "Portfolio Website Testing should display skills cards",
              "timedOut": null,
              "duration": 113,
              "state": "passed",
              "speed": "fast",
              "pass": true,
              "fail": false,
              "pending": false,
              "context": null,
              "code": "cy.get('.section-title').contains('Skills').should('be.visible');\ncy.get('.cards').eq(2).find('.card').should('have.length.greaterThan', 0);",
              "err": {},
              "uuid": "3da36e3e-5522-4ece-aa69-0f6b34d18016",
              "parentUUID": "70360379-880c-4324-b34d-a276f5cdb3a5",
              "isHook": false,
              "skipped": false
            },
            {
              "title": "should display work experience cards correctly",
              "fullTitle": "Portfolio Website Testing should display work experience cards correctly",
              "timedOut": null,
              "duration": 117,
              "state": "passed",
              "speed": "fast",
              "pass": true,
              "fail": false,
              "pending": false,
              "context": null,
              "code": "cy.get('.section-title').contains('Work Experience').should('be.visible');\ncy.get('.cards').eq(3).find('.card').should('have.length.greaterThan', 0);",
              "err": {},
              "uuid": "6d0d8bdd-6306-4078-859d-98eca738ae04",
              "parentUUID": "70360379-880c-4324-b34d-a276f5cdb3a5",
              "isHook": false,
              "skipped": false
            },
            {
              "title": "should display Education section with correct content",
              "fullTitle": "Portfolio Website Testing should display Education section with correct content",
              "timedOut": null,
              "duration": 113,
              "state": "passed",
              "speed": "fast",
              "pass": true,
              "fail": false,
              "pending": false,
              "context": null,
              "code": "cy.get('.section-title').contains('Education').should('be.visible');\ncy.get('.cards').eq(4).find('.card').should('have.length', 1);",
              "err": {},
              "uuid": "1ca0ab04-1f89-47ea-8e30-da9a16bed6b4",
              "parentUUID": "70360379-880c-4324-b34d-a276f5cdb3a5",
              "isHook": false,
              "skipped": false
            },
            {
              "title": "should open GitHub link when the GitHub icon is clicked",
              "fullTitle": "Portfolio Website Testing should open GitHub link when the GitHub icon is clicked",
              "timedOut": null,
              "duration": 229,
              "state": "passed",
              "speed": "fast",
              "pass": true,
              "fail": false,
              "pending": false,
              "context": null,
              "code": "cy.get('footer .contact a').eq(0).should('have.attr', 'href', 'https://github.com/Jerinsamj/Projects').click();",
              "err": {},
              "uuid": "c0294328-df11-40c6-a770-561ade1f9460",
              "parentUUID": "70360379-880c-4324-b34d-a276f5cdb3a5",
              "isHook": false,
              "skipped": false
            },
            {
              "title": "should load the page successfully",
              "fullTitle": "Portfolio Website Testing should load the page successfully",
              "timedOut": null,
              "duration": 127,
              "state": "passed",
              "speed": "fast",
              "pass": true,
              "fail": false,
              "pending": false,
              "context": null,
              "code": "cy.url().should('eq', 'https://jerinsamj.github.io/Resume/');\ncy.title().should('eq', 'Jerin Sam James | Portfolio');",
              "err": {},
              "uuid": "0ae25e20-8dd7-4c52-984f-3b9f081e5070",
              "parentUUID": "70360379-880c-4324-b34d-a276f5cdb3a5",
              "isHook": false,
              "skipped": false
            }
          ],
          "suites": [],
          "passes": [
            "f8286e2f-9a7b-4de4-8297-7157498f6f31",
            "e44d5d55-7099-4b2d-ab6d-6abde43351c7",
            "61c93336-f64e-4d2c-812b-25f6c13fe99b",
            "2a2493f9-298b-4d27-b4b7-c52dcd96f0e9",
            "c8571f36-d18b-4139-ad0c-99d1e6911672",
            "dee47ebf-d12f-4f07-80d8-599510884eb7",
            "3da36e3e-5522-4ece-aa69-0f6b34d18016",
            "6d0d8bdd-6306-4078-859d-98eca738ae04",
            "1ca0ab04-1f89-47ea-8e30-da9a16bed6b4",
            "c0294328-df11-40c6-a770-561ade1f9460",
            "0ae25e20-8dd7-4c52-984f-3b9f081e5070"
          ],
          "failures": [],
          "pending": [],
          "skipped": [],
          "duration": 3640,
          "root": false,
          "rootEmpty": false,
          "_timeout": 2000
        }
      ],
      "passes": [],
      "failures": [],
      "pending": [],
      "skipped": [],
      "duration": 0,
      "root": true,
      "rootEmpty": true,
      "_timeout": 2000
    }
  ],
  "meta": {
    "mocha": {
      "version": "7.0.1"
    },
    "mochawesome": {
      "options": {
        "quiet": false,
        "reportFilename": "mochawesome",
        "saveHtml": true,
        "saveJson": true,
        "consoleReporter": "spec",
        "useInlineDiffs": false,
        "code": true
      },
      "version": "7.1.3"
    },
    "marge": {
      "options": {
        "reportDir": "cypress/results",
        "overwrite": false,
        "html": true,
        "json": true
      },
      "version": "6.2.0"
    }
  }
}