{
  "stats": {
    "suites": 1,
    "tests": 11,
    "passes": 11,
    "pending": 0,
    "failures": 0,
    "start": "2025-03-26T04:50:25.704Z",
    "end": "2025-03-26T04:50:44.030Z",
    "duration": 18326,
    "testsRegistered": 11,
    "passPercent": 100,
    "pendingPercent": 0,
    "other": 0,
    "hasOther": false,
    "skipped": 0,
    "hasSkipped": false
  },
  "results": [
    {
      "uuid": "303aac37-0833-4bec-a4ea-09ed3d8f4005",
      "title": "",
      "fullFile": "cypress\\e2e\\resume-tests.cy.js",
      "file": "cypress\\e2e\\resume-tests.cy.js",
      "beforeHooks": [],
      "afterHooks": [],
      "tests": [],
      "suites": [
        {
          "uuid": "a7df2796-f9ce-4671-891e-8a7846374d00",
          "title": "Portfolio Website Testing",
          "fullFile": "",
          "file": "",
          "beforeHooks": [],
          "afterHooks": [],
          "tests": [
            {
              "title": "should display the correct greeting message based on the time of day",
              "fullTitle": "Portfolio Website Testing should display the correct greeting message based on the time of day",
              "timedOut": null,
              "duration": 5021,
              "state": "passed",
              "speed": "medium",
              "pass": true,
              "fail": false,
              "pending": false,
              "context": null,
              "code": "const greeting = cy.get('#greeting');\nconst currentTime = new Date().getHours();\nif (currentTime < 12) {\n  greeting.should('have.text', \"Good Morning, I'm Jerin!\");\n} else if (currentTime < 18) {\n  greeting.should('have.text', \"Good Afternoon, I'm Jerin!\");\n} else {\n  greeting.should('have.text', \"Good Evening, I'm Jerin!\");\n}",
              "err": {},
              "uuid": "6f12d663-e0b1-428a-9e37-3d68f1b297dd",
              "parentUUID": "a7df2796-f9ce-4671-891e-8a7846374d00",
              "isHook": false,
              "skipped": false
            },
            {
              "title": "should download the resume when the download button is clicked",
              "fullTitle": "Portfolio Website Testing should download the resume when the download button is clicked",
              "timedOut": null,
              "duration": 186,
              "state": "passed",
              "speed": "fast",
              "pass": true,
              "fail": false,
              "pending": false,
              "context": null,
              "code": "cy.get('.download-btn').should('have.attr', 'href', 'https://drive.google.com/file/d/1z5XAdHEFHMaG9qu38kSh8Ul61Jg3Or4r/view?usp=sharing');",
              "err": {},
              "uuid": "c4c0a7d2-cbac-4dee-a1c6-cb7d31397183",
              "parentUUID": "a7df2796-f9ce-4671-891e-8a7846374d00",
              "isHook": false,
              "skipped": false
            },
            {
              "title": "should open the email client when clicking on the email link",
              "fullTitle": "Portfolio Website Testing should open the email client when clicking on the email link",
              "timedOut": null,
              "duration": 228,
              "state": "passed",
              "speed": "fast",
              "pass": true,
              "fail": false,
              "pending": false,
              "context": null,
              "code": "cy.get('footer .contact a').eq(1).should('have.attr', 'href', 'mailto:jerinsamjames1998@gmail.com');",
              "err": {},
              "uuid": "240da3ac-8bfa-4beb-8965-a462a36e1e00",
              "parentUUID": "a7df2796-f9ce-4671-891e-8a7846374d00",
              "isHook": false,
              "skipped": false
            },
            {
              "title": "should toggle dark mode when the dark mode button is clicked",
              "fullTitle": "Portfolio Website Testing should toggle dark mode when the dark mode button is clicked",
              "timedOut": null,
              "duration": 469,
              "state": "passed",
              "speed": "fast",
              "pass": true,
              "fail": false,
              "pending": false,
              "context": null,
              "code": "cy.get('.toggle-btn').click();\ncy.get('body').should('have.class', 'dark-mode');\n// Toggle back to light mode\ncy.get('.toggle-btn').click();\ncy.get('body').should('not.have.class', 'dark-mode');",
              "err": {},
              "uuid": "68e91edb-2cf5-41d2-8afb-c7f70c30f429",
              "parentUUID": "a7df2796-f9ce-4671-891e-8a7846374d00",
              "isHook": false,
              "skipped": false
            },
            {
              "title": "should expand and collapse project details when clicked",
              "fullTitle": "Portfolio Website Testing should expand and collapse project details when clicked",
              "timedOut": null,
              "duration": 488,
              "state": "passed",
              "speed": "fast",
              "pass": true,
              "fail": false,
              "pending": false,
              "context": null,
              "code": "cy.get('.card').eq(0).find('.expand-btn').click();\ncy.get('.card').eq(0).find('.card-details').should('be.visible');\ncy.get('.card').eq(0).find('.expand-btn').click();\ncy.get('.card').eq(0).find('.card-details').should('not.be.visible');",
              "err": {},
              "uuid": "0f43145c-7028-4f29-9601-eab56275fbdb",
              "parentUUID": "a7df2796-f9ce-4671-891e-8a7846374d00",
              "isHook": false,
              "skipped": false
            },
            {
              "title": "should show tech icons in Career Projects section",
              "fullTitle": "Portfolio Website Testing should show tech icons in Career Projects section",
              "timedOut": null,
              "duration": 239,
              "state": "passed",
              "speed": "fast",
              "pass": true,
              "fail": false,
              "pending": false,
              "context": null,
              "code": "cy.get('.tech-icons').should('be.visible');\ncy.get('.tech-icons i').should('have.length.greaterThan', 0);",
              "err": {},
              "uuid": "6b121a21-3ff2-4533-b7f1-4f14b101b79d",
              "parentUUID": "a7df2796-f9ce-4671-891e-8a7846374d00",
              "isHook": false,
              "skipped": false
            },
            {
              "title": "should display skills cards",
              "fullTitle": "Portfolio Website Testing should display skills cards",
              "timedOut": null,
              "duration": 260,
              "state": "passed",
              "speed": "fast",
              "pass": true,
              "fail": false,
              "pending": false,
              "context": null,
              "code": "cy.get('.section-title').contains('Skills').should('be.visible');\ncy.get('.cards').eq(2).find('.card').should('have.length.greaterThan', 0);",
              "err": {},
              "uuid": "b49998ac-ec79-4660-ab53-a2fe597a5c53",
              "parentUUID": "a7df2796-f9ce-4671-891e-8a7846374d00",
              "isHook": false,
              "skipped": false
            },
            {
              "title": "should display work experience cards correctly",
              "fullTitle": "Portfolio Website Testing should display work experience cards correctly",
              "timedOut": null,
              "duration": 262,
              "state": "passed",
              "speed": "fast",
              "pass": true,
              "fail": false,
              "pending": false,
              "context": null,
              "code": "cy.get('.section-title').contains('Work Experience').should('be.visible');\ncy.get('.cards').eq(3).find('.card').should('have.length.greaterThan', 0);",
              "err": {},
              "uuid": "7586d4d0-7404-45b0-b86d-ea7d21b87ec4",
              "parentUUID": "a7df2796-f9ce-4671-891e-8a7846374d00",
              "isHook": false,
              "skipped": false
            },
            {
              "title": "should display Education section with correct content",
              "fullTitle": "Portfolio Website Testing should display Education section with correct content",
              "timedOut": null,
              "duration": 227,
              "state": "passed",
              "speed": "fast",
              "pass": true,
              "fail": false,
              "pending": false,
              "context": null,
              "code": "cy.get('.section-title').contains('Education').should('be.visible');\ncy.get('.cards').eq(4).find('.card').should('have.length', 1);",
              "err": {},
              "uuid": "42d6b3b4-7768-466e-b0e4-8ca8e29032a2",
              "parentUUID": "a7df2796-f9ce-4671-891e-8a7846374d00",
              "isHook": false,
              "skipped": false
            },
            {
              "title": "should open GitHub link when the GitHub icon is clicked",
              "fullTitle": "Portfolio Website Testing should open GitHub link when the GitHub icon is clicked",
              "timedOut": null,
              "duration": 10353,
              "state": "passed",
              "speed": "slow",
              "pass": true,
              "fail": false,
              "pending": false,
              "context": null,
              "code": "cy.get('footer .contact a').eq(0).should('have.attr', 'href', 'https://github.com/Jerinsamj/Projects').click();\ncy.url().should('include', 'https://jerinsamj.github.io/Resume/');\ncy.wait(10000);",
              "err": {},
              "uuid": "250fdcae-8d9d-40cb-a9de-bcaea737d38e",
              "parentUUID": "a7df2796-f9ce-4671-891e-8a7846374d00",
              "isHook": false,
              "skipped": false
            },
            {
              "title": "should load the page successfully",
              "fullTitle": "Portfolio Website Testing should load the page successfully",
              "timedOut": null,
              "duration": 250,
              "state": "passed",
              "speed": "fast",
              "pass": true,
              "fail": false,
              "pending": false,
              "context": null,
              "code": "cy.url().should('eq', 'https://jerinsamj.github.io/Resume/');\ncy.title().should('eq', 'Jerin Sam James | Portfolio');",
              "err": {},
              "uuid": "ce6c655f-19b5-4226-a51d-4d2621b7ce5d",
              "parentUUID": "a7df2796-f9ce-4671-891e-8a7846374d00",
              "isHook": false,
              "skipped": false
            }
          ],
          "suites": [],
          "passes": [
            "6f12d663-e0b1-428a-9e37-3d68f1b297dd",
            "c4c0a7d2-cbac-4dee-a1c6-cb7d31397183",
            "240da3ac-8bfa-4beb-8965-a462a36e1e00",
            "68e91edb-2cf5-41d2-8afb-c7f70c30f429",
            "0f43145c-7028-4f29-9601-eab56275fbdb",
            "6b121a21-3ff2-4533-b7f1-4f14b101b79d",
            "b49998ac-ec79-4660-ab53-a2fe597a5c53",
            "7586d4d0-7404-45b0-b86d-ea7d21b87ec4",
            "42d6b3b4-7768-466e-b0e4-8ca8e29032a2",
            "250fdcae-8d9d-40cb-a9de-bcaea737d38e",
            "ce6c655f-19b5-4226-a51d-4d2621b7ce5d"
          ],
          "failures": [],
          "pending": [],
          "skipped": [],
          "duration": 17983,
          "root": false,
          "rootEmpty": false,
          "_timeout": 2000
        }
      ],
      "passes": [],
      "failures": [],
      "pending": [],
      "skipped": [],
      "duration": 0,
      "root": true,
      "rootEmpty": true,
      "_timeout": 2000
    }
  ],
  "meta": {
    "mocha": {
      "version": "7.0.1"
    },
    "mochawesome": {
      "options": {
        "quiet": false,
        "reportFilename": "mochawesome",
        "saveHtml": true,
        "saveJson": true,
        "consoleReporter": "spec",
        "useInlineDiffs": false,
        "code": true
      },
      "version": "7.1.3"
    },
    "marge": {
      "options": {
        "reportDir": "cypress/reports",
        "overwrite": true,
        "html": true,
        "json": true
      },
      "version": "6.2.0"
    }
  }
}