{
  "stats": {
    "suites": 1,
    "tests": 11,
    "passes": 10,
    "pending": 0,
    "failures": 1,
    "start": "2025-03-27T02:58:21.794Z",
    "end": "2025-03-27T02:58:43.357Z",
    "duration": 21563,
    "testsRegistered": 11,
    "passPercent": 90.9090909090909,
    "pendingPercent": 0,
    "other": 0,
    "hasOther": false,
    "skipped": 0,
    "hasSkipped": false
  },
  "results": [
    {
      "uuid": "cf491b29-592c-42b4-a6b1-ed1d215c9797",
      "title": "",
      "fullFile": "cypress\\e2e\\resume-tests.cy.js",
      "file": "cypress\\e2e\\resume-tests.cy.js",
      "beforeHooks": [],
      "afterHooks": [],
      "tests": [],
      "suites": [
        {
          "uuid": "a5d34d29-ac86-42e5-8003-3e891f15528d",
          "title": "Portfolio Website Testing",
          "fullFile": "",
          "file": "",
          "beforeHooks": [],
          "afterHooks": [],
          "tests": [
            {
              "title": "should display the correct greeting message based on the time of day",
              "fullTitle": "Portfolio Website Testing should display the correct greeting message based on the time of day",
              "timedOut": null,
              "duration": 3100,
              "state": "passed",
              "speed": "fast",
              "pass": true,
              "fail": false,
              "pending": false,
              "context": null,
              "code": "const greeting = cy.get('#greeting');\nconst currentTime = new Date().getHours();\nif (currentTime < 12) {\n  greeting.should('have.text', \"Good Morning, I'm Jerin!\");\n} else if (currentTime < 18) {\n  greeting.should('have.text', \"Good Afternoon, I'm Jerin!\");\n} else {\n  greeting.should('have.text', \"Good Evening, I'm Jerin!\");\n}",
              "err": {},
              "uuid": "1d83626e-f69d-40bd-a22d-7ab6f96392d0",
              "parentUUID": "a5d34d29-ac86-42e5-8003-3e891f15528d",
              "isHook": false,
              "skipped": false
            },
            {
              "title": "should download the resume when the download button is clicked",
              "fullTitle": "Portfolio Website Testing should download the resume when the download button is clicked",
              "timedOut": null,
              "duration": 117,
              "state": "passed",
              "speed": "fast",
              "pass": true,
              "fail": false,
              "pending": false,
              "context": null,
              "code": "cy.get('.download-btn').should('have.attr', 'href', 'https://drive.google.com/file/d/1z5XAdHEFHMaG9qu38kSh8Ul61Jg3Or4r/view?usp=sharing');",
              "err": {},
              "uuid": "939251bc-c581-4321-8f3e-b5595f038847",
              "parentUUID": "a5d34d29-ac86-42e5-8003-3e891f15528d",
              "isHook": false,
              "skipped": false
            },
            {
              "title": "should open the email client when clicking on the email link",
              "fullTitle": "Portfolio Website Testing should open the email client when clicking on the email link",
              "timedOut": null,
              "duration": 278,
              "state": "passed",
              "speed": "fast",
              "pass": true,
              "fail": false,
              "pending": false,
              "context": null,
              "code": "cy.get('footer .contact a').eq(1).should('have.attr', 'href', 'mailto:jerinsamjames1998@gmail.com');",
              "err": {},
              "uuid": "e89d27dd-5185-4dce-889d-79c090470fbb",
              "parentUUID": "a5d34d29-ac86-42e5-8003-3e891f15528d",
              "isHook": false,
              "skipped": false
            },
            {
              "title": "should toggle dark mode when the dark mode button is clicked",
              "fullTitle": "Portfolio Website Testing should toggle dark mode when the dark mode button is clicked",
              "timedOut": null,
              "duration": 364,
              "state": "passed",
              "speed": "fast",
              "pass": true,
              "fail": false,
              "pending": false,
              "context": null,
              "code": "cy.get('.toggle-btn').click();\ncy.get('body').should('have.class', 'dark-mode');\n// Toggle back to light mode\ncy.get('.toggle-btn').click();\ncy.get('body').should('not.have.class', 'dark-mode');",
              "err": {},
              "uuid": "94839850-20ac-4d3f-9f7f-e0228749df9f",
              "parentUUID": "a5d34d29-ac86-42e5-8003-3e891f15528d",
              "isHook": false,
              "skipped": false
            },
            {
              "title": "should expand and collapse project details when clicked",
              "fullTitle": "Portfolio Website Testing should expand and collapse project details when clicked",
              "timedOut": null,
              "duration": 414,
              "state": "passed",
              "speed": "fast",
              "pass": true,
              "fail": false,
              "pending": false,
              "context": null,
              "code": "cy.get('.card').eq(0).find('.expand-btn').click();\ncy.get('.card').eq(0).find('.card-details').should('be.visible');\ncy.get('.card').eq(0).find('.expand-btn').click();\ncy.get('.card').eq(0).find('.card-details').should('not.be.visible');",
              "err": {},
              "uuid": "273a1d2d-c4de-448f-b848-c449710ed43e",
              "parentUUID": "a5d34d29-ac86-42e5-8003-3e891f15528d",
              "isHook": false,
              "skipped": false
            },
            {
              "title": "should show tech icons in Career Projects section",
              "fullTitle": "Portfolio Website Testing should show tech icons in Career Projects section",
              "timedOut": null,
              "duration": 370,
              "state": "passed",
              "speed": "fast",
              "pass": true,
              "fail": false,
              "pending": false,
              "context": null,
              "code": "cy.get('.tech-icons').should('be.visible');\ncy.get('.tech-icons i').should('have.length.greaterThan', 0);",
              "err": {},
              "uuid": "ac8b2a8c-aa2c-45ba-899c-ea66e0bc2e8a",
              "parentUUID": "a5d34d29-ac86-42e5-8003-3e891f15528d",
              "isHook": false,
              "skipped": false
            },
            {
              "title": "should display skills cards",
              "fullTitle": "Portfolio Website Testing should display skills cards",
              "timedOut": null,
              "duration": 465,
              "state": "passed",
              "speed": "fast",
              "pass": true,
              "fail": false,
              "pending": false,
              "context": null,
              "code": "cy.get('.section-title').contains('Skills').should('be.visible');\ncy.get('.cards').eq(2).find('.card').should('have.length.greaterThan', 0);",
              "err": {},
              "uuid": "6a95ed6d-071e-4267-b62a-529ce58e0e63",
              "parentUUID": "a5d34d29-ac86-42e5-8003-3e891f15528d",
              "isHook": false,
              "skipped": false
            },
            {
              "title": "should display work experience cards correctly",
              "fullTitle": "Portfolio Website Testing should display work experience cards correctly",
              "timedOut": null,
              "duration": 300,
              "state": "passed",
              "speed": "fast",
              "pass": true,
              "fail": false,
              "pending": false,
              "context": null,
              "code": "cy.get('.section-title').contains('Work Experience').should('be.visible');\ncy.get('.cards').eq(3).find('.card').should('have.length.greaterThan', 0);",
              "err": {},
              "uuid": "708226f9-cb49-4197-8067-d2be3743da58",
              "parentUUID": "a5d34d29-ac86-42e5-8003-3e891f15528d",
              "isHook": false,
              "skipped": false
            },
            {
              "title": "should display Education section with correct content",
              "fullTitle": "Portfolio Website Testing should display Education section with correct content",
              "timedOut": null,
              "duration": 337,
              "state": "passed",
              "speed": "fast",
              "pass": true,
              "fail": false,
              "pending": false,
              "context": null,
              "code": "cy.get('.section-title').contains('Education').should('be.visible');\ncy.get('.cards').eq(4).find('.card').should('have.length', 1);",
              "err": {},
              "uuid": "772aacf1-59b3-4d2e-a0a6-0f3a0b2f7b74",
              "parentUUID": "a5d34d29-ac86-42e5-8003-3e891f15528d",
              "isHook": false,
              "skipped": false
            },
            {
              "title": "should open GitHub link when the GitHub icon is clicked",
              "fullTitle": "Portfolio Website Testing should open GitHub link when the GitHub icon is clicked",
              "timedOut": null,
              "duration": 10397,
              "state": "passed",
              "speed": "slow",
              "pass": true,
              "fail": false,
              "pending": false,
              "context": null,
              "code": "cy.get('footer .contact a').eq(0).should('have.attr', 'href', 'https://github.com/Jerinsamj/Projects').click();\ncy.url().should('include', 'https://jerinsamj.github.io/Resume/');\ncy.wait(10000);",
              "err": {},
              "uuid": "aeb0902f-e6da-4c27-a913-e100e06269b5",
              "parentUUID": "a5d34d29-ac86-42e5-8003-3e891f15528d",
              "isHook": false,
              "skipped": false
            },
            {
              "title": "should load the page successfully",
              "fullTitle": "Portfolio Website Testing should load the page successfully",
              "timedOut": null,
              "duration": 5164,
              "state": "failed",
              "speed": null,
              "pass": false,
              "fail": true,
              "pending": false,
              "context": null,
              "code": "cy.url().should('eq', 'https://jerinsamj.github.io/Resume/');\ncy.title().should('eq', 'Jerin Sam James | Portfolio');",
              "err": {
                "message": "AssertionError: Timed out retrying after 4000ms: expected 'Jerin Sam James | Portfolio with Chatbot' to equal 'Jerin Sam James | Portfolio'",
                "estack": "AssertionError: Timed out retrying after 4000ms: expected 'Jerin Sam James | Portfolio with Chatbot' to equal 'Jerin Sam James | Portfolio'\n    at Context.eval (webpack://resumecypress/./cypress/e2e/resume-tests.cy.js:93:15)",
                "diff": "- 'Jerin Sam James | Portfolio with Chatbot'\n+ 'Jerin Sam James | Portfolio'\n"
              },
              "uuid": "b938b376-d172-407d-9b9e-8b613cdeb567",
              "parentUUID": "a5d34d29-ac86-42e5-8003-3e891f15528d",
              "isHook": false,
              "skipped": false
            }
          ],
          "suites": [],
          "passes": [
            "1d83626e-f69d-40bd-a22d-7ab6f96392d0",
            "939251bc-c581-4321-8f3e-b5595f038847",
            "e89d27dd-5185-4dce-889d-79c090470fbb",
            "94839850-20ac-4d3f-9f7f-e0228749df9f",
            "273a1d2d-c4de-448f-b848-c449710ed43e",
            "ac8b2a8c-aa2c-45ba-899c-ea66e0bc2e8a",
            "6a95ed6d-071e-4267-b62a-529ce58e0e63",
            "708226f9-cb49-4197-8067-d2be3743da58",
            "772aacf1-59b3-4d2e-a0a6-0f3a0b2f7b74",
            "aeb0902f-e6da-4c27-a913-e100e06269b5"
          ],
          "failures": [
            "b938b376-d172-407d-9b9e-8b613cdeb567"
          ],
          "pending": [],
          "skipped": [],
          "duration": 21306,
          "root": false,
          "rootEmpty": false,
          "_timeout": 2000
        }
      ],
      "passes": [],
      "failures": [],
      "pending": [],
      "skipped": [],
      "duration": 0,
      "root": true,
      "rootEmpty": true,
      "_timeout": 2000
    }
  ],
  "meta": {
    "mocha": {
      "version": "7.0.1"
    },
    "mochawesome": {
      "options": {
        "quiet": false,
        "reportFilename": "mochawesome",
        "saveHtml": true,
        "saveJson": true,
        "consoleReporter": "spec",
        "useInlineDiffs": false,
        "code": true
      },
      "version": "7.1.3"
    },
    "marge": {
      "options": {
        "reportDir": "public/test-report",
        "overwrite": true,
        "html": true,
        "json": true
      },
      "version": "6.2.0"
    }
  }
}