{
  "stats": {
    "suites": 1,
    "tests": 11,
    "passes": 11,
    "pending": 0,
    "failures": 0,
    "start": "2025-03-27T02:59:40.678Z",
    "end": "2025-03-27T02:59:58.663Z",
    "duration": 17985,
    "testsRegistered": 11,
    "passPercent": 100,
    "pendingPercent": 0,
    "other": 0,
    "hasOther": false,
    "skipped": 0,
    "hasSkipped": false
  },
  "results": [
    {
      "uuid": "866846e1-4c3a-433e-9ca1-bb241186fa12",
      "title": "",
      "fullFile": "cypress\\e2e\\resume-tests.cy.js",
      "file": "cypress\\e2e\\resume-tests.cy.js",
      "beforeHooks": [],
      "afterHooks": [],
      "tests": [],
      "suites": [
        {
          "uuid": "2b4f3dac-8c9d-48e5-98ad-bbb1f156e4a7",
          "title": "Portfolio Website Testing",
          "fullFile": "",
          "file": "",
          "beforeHooks": [],
          "afterHooks": [],
          "tests": [
            {
              "title": "should display the correct greeting message based on the time of day",
              "fullTitle": "Portfolio Website Testing should display the correct greeting message based on the time of day",
              "timedOut": null,
              "duration": 3884,
              "state": "passed",
              "speed": "fast",
              "pass": true,
              "fail": false,
              "pending": false,
              "context": null,
              "code": "const greeting = cy.get('#greeting');\nconst currentTime = new Date().getHours();\nif (currentTime < 12) {\n  greeting.should('have.text', \"Good Morning, I'm Jerin!\");\n} else if (currentTime < 18) {\n  greeting.should('have.text', \"Good Afternoon, I'm Jerin!\");\n} else {\n  greeting.should('have.text', \"Good Evening, I'm Jerin!\");\n}",
              "err": {},
              "uuid": "b3d3512a-fa69-480e-9d1a-c0963254028c",
              "parentUUID": "2b4f3dac-8c9d-48e5-98ad-bbb1f156e4a7",
              "isHook": false,
              "skipped": false
            },
            {
              "title": "should download the resume when the download button is clicked",
              "fullTitle": "Portfolio Website Testing should download the resume when the download button is clicked",
              "timedOut": null,
              "duration": 95,
              "state": "passed",
              "speed": "fast",
              "pass": true,
              "fail": false,
              "pending": false,
              "context": null,
              "code": "cy.get('.download-btn').should('have.attr', 'href', 'https://drive.google.com/file/d/1z5XAdHEFHMaG9qu38kSh8Ul61Jg3Or4r/view?usp=sharing');",
              "err": {},
              "uuid": "e222aa52-4c81-4baf-ab02-f3cba3718656",
              "parentUUID": "2b4f3dac-8c9d-48e5-98ad-bbb1f156e4a7",
              "isHook": false,
              "skipped": false
            },
            {
              "title": "should open the email client when clicking on the email link",
              "fullTitle": "Portfolio Website Testing should open the email client when clicking on the email link",
              "timedOut": null,
              "duration": 190,
              "state": "passed",
              "speed": "fast",
              "pass": true,
              "fail": false,
              "pending": false,
              "context": null,
              "code": "cy.get('footer .contact a').eq(1).should('have.attr', 'href', 'mailto:jerinsamjames1998@gmail.com');",
              "err": {},
              "uuid": "6836ed96-6892-4d0e-8917-f336341a5290",
              "parentUUID": "2b4f3dac-8c9d-48e5-98ad-bbb1f156e4a7",
              "isHook": false,
              "skipped": false
            },
            {
              "title": "should toggle dark mode when the dark mode button is clicked",
              "fullTitle": "Portfolio Website Testing should toggle dark mode when the dark mode button is clicked",
              "timedOut": null,
              "duration": 377,
              "state": "passed",
              "speed": "fast",
              "pass": true,
              "fail": false,
              "pending": false,
              "context": null,
              "code": "cy.get('.toggle-btn').click();\ncy.get('body').should('have.class', 'dark-mode');\n// Toggle back to light mode\ncy.get('.toggle-btn').click();\ncy.get('body').should('not.have.class', 'dark-mode');",
              "err": {},
              "uuid": "449ee6a3-37e4-4efe-b2fe-dd61ef9af0ae",
              "parentUUID": "2b4f3dac-8c9d-48e5-98ad-bbb1f156e4a7",
              "isHook": false,
              "skipped": false
            },
            {
              "title": "should expand and collapse project details when clicked",
              "fullTitle": "Portfolio Website Testing should expand and collapse project details when clicked",
              "timedOut": null,
              "duration": 389,
              "state": "passed",
              "speed": "fast",
              "pass": true,
              "fail": false,
              "pending": false,
              "context": null,
              "code": "cy.get('.card').eq(0).find('.expand-btn').click();\ncy.get('.card').eq(0).find('.card-details').should('be.visible');\ncy.get('.card').eq(0).find('.expand-btn').click();\ncy.get('.card').eq(0).find('.card-details').should('not.be.visible');",
              "err": {},
              "uuid": "a420c9a8-b907-4e3c-8be5-90f7837d5f6c",
              "parentUUID": "2b4f3dac-8c9d-48e5-98ad-bbb1f156e4a7",
              "isHook": false,
              "skipped": false
            },
            {
              "title": "should show tech icons in Career Projects section",
              "fullTitle": "Portfolio Website Testing should show tech icons in Career Projects section",
              "timedOut": null,
              "duration": 372,
              "state": "passed",
              "speed": "fast",
              "pass": true,
              "fail": false,
              "pending": false,
              "context": null,
              "code": "cy.get('.tech-icons').should('be.visible');\ncy.get('.tech-icons i').should('have.length.greaterThan', 0);",
              "err": {},
              "uuid": "91ebd4ed-98c2-4864-b36e-9164abeb4199",
              "parentUUID": "2b4f3dac-8c9d-48e5-98ad-bbb1f156e4a7",
              "isHook": false,
              "skipped": false
            },
            {
              "title": "should display skills cards",
              "fullTitle": "Portfolio Website Testing should display skills cards",
              "timedOut": null,
              "duration": 476,
              "state": "passed",
              "speed": "fast",
              "pass": true,
              "fail": false,
              "pending": false,
              "context": null,
              "code": "cy.get('.section-title').contains('Skills').should('be.visible');\ncy.get('.cards').eq(2).find('.card').should('have.length.greaterThan', 0);",
              "err": {},
              "uuid": "1a5c1345-9930-488a-bf10-44edf1af3e67",
              "parentUUID": "2b4f3dac-8c9d-48e5-98ad-bbb1f156e4a7",
              "isHook": false,
              "skipped": false
            },
            {
              "title": "should display work experience cards correctly",
              "fullTitle": "Portfolio Website Testing should display work experience cards correctly",
              "timedOut": null,
              "duration": 294,
              "state": "passed",
              "speed": "fast",
              "pass": true,
              "fail": false,
              "pending": false,
              "context": null,
              "code": "cy.get('.section-title').contains('Work Experience').should('be.visible');\ncy.get('.cards').eq(3).find('.card').should('have.length.greaterThan', 0);",
              "err": {},
              "uuid": "58cb8434-e5c6-422c-858c-eeff9a2a257d",
              "parentUUID": "2b4f3dac-8c9d-48e5-98ad-bbb1f156e4a7",
              "isHook": false,
              "skipped": false
            },
            {
              "title": "should display Education section with correct content",
              "fullTitle": "Portfolio Website Testing should display Education section with correct content",
              "timedOut": null,
              "duration": 177,
              "state": "passed",
              "speed": "fast",
              "pass": true,
              "fail": false,
              "pending": false,
              "context": null,
              "code": "cy.get('.section-title').contains('Education').should('be.visible');\ncy.get('.cards').eq(4).find('.card').should('have.length', 1);",
              "err": {},
              "uuid": "ff8880a0-86d0-4421-b81c-82199c080f4b",
              "parentUUID": "2b4f3dac-8c9d-48e5-98ad-bbb1f156e4a7",
              "isHook": false,
              "skipped": false
            },
            {
              "title": "should open GitHub link when the GitHub icon is clicked",
              "fullTitle": "Portfolio Website Testing should open GitHub link when the GitHub icon is clicked",
              "timedOut": null,
              "duration": 11251,
              "state": "passed",
              "speed": "slow",
              "pass": true,
              "fail": false,
              "pending": false,
              "context": null,
              "code": "cy.get('footer .contact a').eq(0).should('have.attr', 'href', 'https://github.com/Jerinsamj/Projects').click();\ncy.url().should('include', 'https://jerinsamj.github.io/Resume/');\ncy.wait(10000);",
              "err": {},
              "uuid": "e447bf92-42bd-45dc-84ee-04ca589e53b1",
              "parentUUID": "2b4f3dac-8c9d-48e5-98ad-bbb1f156e4a7",
              "isHook": false,
              "skipped": false
            },
            {
              "title": "should load the page successfully",
              "fullTitle": "Portfolio Website Testing should load the page successfully",
              "timedOut": null,
              "duration": 160,
              "state": "passed",
              "speed": "fast",
              "pass": true,
              "fail": false,
              "pending": false,
              "context": null,
              "code": "cy.url().should('eq', 'https://jerinsamj.github.io/Resume/');\ncy.title().should('eq', 'Jerin Sam James | Portfolio');",
              "err": {},
              "uuid": "1351c850-a802-4f5a-a2eb-90105b08cfdc",
              "parentUUID": "2b4f3dac-8c9d-48e5-98ad-bbb1f156e4a7",
              "isHook": false,
              "skipped": false
            }
          ],
          "suites": [],
          "passes": [
            "b3d3512a-fa69-480e-9d1a-c0963254028c",
            "e222aa52-4c81-4baf-ab02-f3cba3718656",
            "6836ed96-6892-4d0e-8917-f336341a5290",
            "449ee6a3-37e4-4efe-b2fe-dd61ef9af0ae",
            "a420c9a8-b907-4e3c-8be5-90f7837d5f6c",
            "91ebd4ed-98c2-4864-b36e-9164abeb4199",
            "1a5c1345-9930-488a-bf10-44edf1af3e67",
            "58cb8434-e5c6-422c-858c-eeff9a2a257d",
            "ff8880a0-86d0-4421-b81c-82199c080f4b",
            "e447bf92-42bd-45dc-84ee-04ca589e53b1",
            "1351c850-a802-4f5a-a2eb-90105b08cfdc"
          ],
          "failures": [],
          "pending": [],
          "skipped": [],
          "duration": 17665,
          "root": false,
          "rootEmpty": false,
          "_timeout": 2000
        }
      ],
      "passes": [],
      "failures": [],
      "pending": [],
      "skipped": [],
      "duration": 0,
      "root": true,
      "rootEmpty": true,
      "_timeout": 2000
    }
  ],
  "meta": {
    "mocha": {
      "version": "7.0.1"
    },
    "mochawesome": {
      "options": {
        "quiet": false,
        "reportFilename": "mochawesome",
        "saveHtml": true,
        "saveJson": true,
        "consoleReporter": "spec",
        "useInlineDiffs": false,
        "code": true
      },
      "version": "7.1.3"
    },
    "marge": {
      "options": {
        "reportDir": "public/test-report",
        "overwrite": true,
        "html": true,
        "json": true
      },
      "version": "6.2.0"
    }
  }
}